0 info it worked if it ends with ok
1 verbose cli [ 'node', '/usr/local/bin/npm', 'install', 'meanstack' ]
2 info using npm@1.3.2
3 info using node@v0.10.13
4 verbose cache add [ 'meanstack', null ]
5 verbose cache add name=undefined spec="meanstack" args=["meanstack",null]
6 verbose parsed url { protocol: null,
6 verbose parsed url   slashes: null,
6 verbose parsed url   auth: null,
6 verbose parsed url   host: null,
6 verbose parsed url   port: null,
6 verbose parsed url   hostname: null,
6 verbose parsed url   hash: null,
6 verbose parsed url   search: null,
6 verbose parsed url   query: null,
6 verbose parsed url   pathname: 'meanstack',
6 verbose parsed url   path: 'meanstack',
6 verbose parsed url   href: 'meanstack' }
7 silly lockFile f5ceadf4-meanstack meanstack
8 verbose lock meanstack /Users/sprout/.npm/f5ceadf4-meanstack.lock
9 silly lockFile f5ceadf4-meanstack meanstack
10 verbose addNamed [ 'meanstack', '' ]
11 verbose addNamed [ null, '*' ]
12 silly lockFile 123428c8-meanstack meanstack@
13 verbose lock meanstack@ /Users/sprout/.npm/123428c8-meanstack.lock
14 silly lockFile 123428c8-meanstack meanstack@
15 error Error: EACCES, open '/Users/sprout/.npm/123428c8-meanstack.lock'
15 error  { [Error: EACCES, open '/Users/sprout/.npm/123428c8-meanstack.lock']
15 error   errno: 3,
15 error   code: 'EACCES',
15 error   path: '/Users/sprout/.npm/123428c8-meanstack.lock' }
16 error Please try running this command again as root/Administrator.
17 error System Darwin 12.0.0
18 error command "node" "/usr/local/bin/npm" "install" "meanstack"
19 error cwd /Users/sprout/Desktop/yearnToLearn/MEAN
20 error node -v v0.10.13
21 error npm -v 1.3.2
22 error path /Users/sprout/.npm/123428c8-meanstack.lock
23 error code EACCES
24 error errno 3
25 error stack Error: EACCES, open '/Users/sprout/.npm/123428c8-meanstack.lock'
26 verbose exit [ 3, true ]
